<?xml version="1.0" encoding="UTF-8"?>
<coverage generated="1735077463992" clover="3.2.0">
  <project timestamp="1735077463992" name="All files">
    <metrics statements="49" coveredstatements="41" conditionals="5" coveredconditionals="4" methods="14" coveredmethods="13" elements="68" coveredelements="58" complexity="0" loc="49" ncloc="49" packages="6" files="6" classes="6"/>
    <package name="src">
      <metrics statements="7" coveredstatements="0" conditionals="0" coveredconditionals="0" methods="1" coveredmethods="0"/>
      <file name="App.tsx" path="/home/fengao/dev/www/mvc-architecture-pattern/src/App.tsx">
        <metrics statements="7" coveredstatements="0" conditionals="0" coveredconditionals="0" methods="1" coveredmethods="0"/>
        <line num="1" count="0" type="stmt"/>
        <line num="2" count="0" type="stmt"/>
        <line num="3" count="0" type="stmt"/>
        <line num="4" count="0" type="stmt"/>
        <line num="7" count="0" type="stmt"/>
        <line num="9" count="0" type="stmt"/>
        <line num="18" count="0" type="stmt"/>
      </file>
    </package>
    <package name="src.components.car-list">
      <metrics statements="4" coveredstatements="4" conditionals="0" coveredconditionals="0" methods="3" coveredmethods="3"/>
      <file name="car-list.tsx" path="/home/fengao/dev/www/mvc-architecture-pattern/src/components/car-list/car-list.tsx">
        <metrics statements="4" coveredstatements="4" conditionals="0" coveredconditionals="0" methods="3" coveredmethods="3"/>
        <line num="2" count="1" type="stmt"/>
        <line num="4" count="1" type="stmt"/>
        <line num="11" count="2" type="stmt"/>
        <line num="16" count="4" type="stmt"/>
      </file>
    </package>
    <package name="src.components.car-view">
      <metrics statements="3" coveredstatements="3" conditionals="4" coveredconditionals="4" methods="1" coveredmethods="1"/>
      <file name="car-view.tsx" path="/home/fengao/dev/www/mvc-architecture-pattern/src/components/car-view/car-view.tsx">
        <metrics statements="3" coveredstatements="3" conditionals="4" coveredconditionals="4" methods="1" coveredmethods="1"/>
        <line num="3" count="1" type="stmt"/>
        <line num="4" count="3" type="cond" truecount="2" falsecount="0"/>
        <line num="6" count="3" type="stmt"/>
      </file>
    </package>
    <package name="src.components.header">
      <metrics statements="2" coveredstatements="2" conditionals="0" coveredconditionals="0" methods="1" coveredmethods="1"/>
      <file name="header.tsx" path="/home/fengao/dev/www/mvc-architecture-pattern/src/components/header/header.tsx">
        <metrics statements="2" coveredstatements="2" conditionals="0" coveredconditionals="0" methods="1" coveredmethods="1"/>
        <line num="1" count="1" type="stmt"/>
        <line num="2" count="1" type="stmt"/>
      </file>
    </package>
    <package name="src.hooks">
      <metrics statements="23" coveredstatements="22" conditionals="1" coveredconditionals="0" methods="5" coveredmethods="5"/>
      <file name="useCarModel.ts" path="/home/fengao/dev/www/mvc-architecture-pattern/src/hooks/useCarModel.ts">
        <metrics statements="23" coveredstatements="22" conditionals="1" coveredconditionals="0" methods="5" coveredmethods="5"/>
        <line num="1" count="1" type="stmt"/>
        <line num="3" count="1" type="stmt"/>
        <line num="9" count="1" type="stmt"/>
        <line num="10" count="10" type="stmt"/>
        <line num="11" count="10" type="stmt"/>
        <line num="13" count="10" type="stmt"/>
        <line num="14" count="3" type="stmt"/>
        <line num="15" count="3" type="stmt"/>
        <line num="16" count="2" type="stmt"/>
        <line num="18" count="1" type="stmt"/>
        <line num="22" count="10" type="stmt"/>
        <line num="23" count="1" type="cond" truecount="0" falsecount="1"/>
        <line num="25" count="1" type="stmt"/>
        <line num="26" count="1" type="stmt"/>
        <line num="27" count="1" type="stmt"/>
        <line num="29" count="1" type="stmt"/>
        <line num="34" count="0" type="stmt"/>
        <line num="38" count="10" type="stmt"/>
        <line num="39" count="5" type="stmt"/>
        <line num="40" count="5" type="stmt"/>
        <line num="41" count="5" type="stmt"/>
        <line num="44" count="5" type="stmt"/>
        <line num="47" count="10" type="stmt"/>
      </file>
    </package>
    <package name="src.services">
      <metrics statements="10" coveredstatements="10" conditionals="0" coveredconditionals="0" methods="3" coveredmethods="3"/>
      <file name="carService.ts" path="/home/fengao/dev/www/mvc-architecture-pattern/src/services/carService.ts">
        <metrics statements="10" coveredstatements="10" conditionals="0" coveredconditionals="0" methods="3" coveredmethods="3"/>
        <line num="3" count="2" type="stmt"/>
        <line num="4" count="1" type="stmt"/>
        <line num="5" count="1" type="stmt"/>
        <line num="6" count="1" type="stmt"/>
        <line num="9" count="2" type="stmt"/>
        <line num="10" count="1" type="stmt"/>
        <line num="11" count="1" type="stmt"/>
        <line num="12" count="1" type="stmt"/>
        <line num="15" count="2" type="stmt"/>
        <line num="19" count="1" type="stmt"/>
      </file>
    </package>
  </project>
</coverage>
