{"/home/fengao/dev/www/mvc-architecture-pattern/src/App.tsx": {"path":"/home/fengao/dev/www/mvc-architecture-pattern/src/App.tsx","statementMap":{"0":{"start":{"line":1,"column":0},"end":{"line":1,"column":52}},"1":{"start":{"line":2,"column":0},"end":{"line":2,"column":57}},"2":{"start":{"line":3,"column":0},"end":{"line":3,"column":57}},"3":{"start":{"line":4,"column":0},"end":{"line":4,"column":50}},"4":{"start":{"line":7,"column":66},"end":{"line":7,"column":79}},"5":{"start":{"line":9,"column":2},"end":{"line":15,"column":4}},"6":{"start":{"line":18,"column":0},"end":{"line":18,"column":19}}},"fnMap":{"0":{"name":"App","decl":{"start":{"line":6,"column":9},"end":{"line":6,"column":12}},"loc":{"start":{"line":6,"column":12},"end":{"line":16,"column":1}}}},"branchMap":{},"s":{"0":0,"1":0,"2":0,"3":0,"4":0,"5":0,"6":0},"f":{"0":0},"b":{}}
,"/home/fengao/dev/www/mvc-architecture-pattern/src/components/car-list/car-list.tsx": {"path":"/home/fengao/dev/www/mvc-architecture-pattern/src/components/car-list/car-list.tsx","statementMap":{"0":{"start":{"line":2,"column":0},"end":{"line":2,"column":43}},"1":{"start":{"line":4,"column":23},"end":{"line":23,"column":1}},"2":{"start":{"line":11,"column":2},"end":{"line":22,"column":4}},"3":{"start":{"line":16,"column":10},"end":{"line":16,"column":27}},"4":{"start":{"line":16,"column":42},"end":{"line":16,"column":60}},"5":{"start":{"line":4,"column":13},"end":{"line":4,"column":23}}},"fnMap":{"0":{"name":"(anonymous_1)","decl":{"start":{"line":4,"column":23},"end":{"line":4,"column":24}},"loc":{"start":{"line":10,"column":5},"end":{"line":23,"column":1}}},"1":{"name":"(anonymous_2)","decl":{"start":{"line":15,"column":18},"end":{"line":15,"column":19}},"loc":{"start":{"line":16,"column":10},"end":{"line":16,"column":27}}},"2":{"name":"(anonymous_3)","decl":{"start":{"line":16,"column":36},"end":{"line":16,"column":39}},"loc":{"start":{"line":16,"column":42},"end":{"line":16,"column":60}}}},"branchMap":{},"s":{"0":1,"1":1,"2":2,"3":4,"4":2,"5":1},"f":{"0":2,"1":4,"2":2},"b":{}}
,"/home/fengao/dev/www/mvc-architecture-pattern/src/components/car-view/car-view.tsx": {"path":"/home/fengao/dev/www/mvc-architecture-pattern/src/components/car-view/car-view.tsx","statementMap":{"0":{"start":{"line":3,"column":23},"end":{"line":18,"column":1}},"1":{"start":{"line":4,"column":39},"end":{"line":4,"column":56}},"2":{"start":{"line":6,"column":2},"end":{"line":17,"column":4}},"3":{"start":{"line":3,"column":13},"end":{"line":3,"column":23}}},"fnMap":{"0":{"name":"(anonymous_0)","decl":{"start":{"line":3,"column":23},"end":{"line":3,"column":24}},"loc":{"start":{"line":3,"column":66},"end":{"line":18,"column":1}}}},"branchMap":{"0":{"loc":{"start":{"line":4,"column":39},"end":{"line":4,"column":56}},"type":"binary-expr","locations":[{"start":{"line":4,"column":39},"end":{"line":4,"column":50}},{"start":{"line":4,"column":54},"end":{"line":4,"column":56}}]},"1":{"loc":{"start":{"line":8,"column":7},"end":{"line":14,"column":null}},"type":"binary-expr","locations":[{"start":{"line":8,"column":7},"end":{"line":8,"column":18}},{"start":{"line":9,"column":8},"end":{"line":13,"column":null}}]}},"s":{"0":1,"1":3,"2":3,"3":1},"f":{"0":3},"b":{"0":[3,1],"1":[3,2]}}
,"/home/fengao/dev/www/mvc-architecture-pattern/src/components/header/header.tsx": {"path":"/home/fengao/dev/www/mvc-architecture-pattern/src/components/header/header.tsx","statementMap":{"0":{"start":{"line":1,"column":22},"end":{"line":3,"column":1}},"1":{"start":{"line":2,"column":2},"end":{"line":2,"column":25}},"2":{"start":{"line":1,"column":13},"end":{"line":1,"column":22}}},"fnMap":{"0":{"name":"(anonymous_0)","decl":{"start":{"line":1,"column":22},"end":{"line":1,"column":25}},"loc":{"start":{"line":1,"column":27},"end":{"line":3,"column":1}}}},"branchMap":{},"s":{"0":1,"1":1,"2":1},"f":{"0":1},"b":{}}
,"/home/fengao/dev/www/mvc-architecture-pattern/src/hooks/useCarModel.ts": {"path":"/home/fengao/dev/www/mvc-architecture-pattern/src/hooks/useCarModel.ts","statementMap":{"0":{"start":{"line":1,"column":0},"end":{"line":1,"column":44}},"1":{"start":{"line":3,"column":0},"end":{"line":3,"column":null}},"2":{"start":{"line":9,"column":27},"end":{"line":53,"column":1}},"3":{"start":{"line":10,"column":26},"end":{"line":10,"column":45}},"4":{"start":{"line":11,"column":40},"end":{"line":11,"column":66}},"5":{"start":{"line":13,"column":25},"end":{"line":20,"column":3}},"6":{"start":{"line":14,"column":4},"end":{"line":19,"column":5}},"7":{"start":{"line":15,"column":18},"end":{"line":15,"column":38}},"8":{"start":{"line":16,"column":6},"end":{"line":16,"column":26}},"9":{"start":{"line":18,"column":6},"end":{"line":18,"column":27}},"10":{"start":{"line":22,"column":27},"end":{"line":36,"column":3}},"11":{"start":{"line":23,"column":4},"end":{"line":23,"column":29}},"12":{"start":{"line":23,"column":22},"end":{"line":23,"column":29}},"13":{"start":{"line":25,"column":4},"end":{"line":35,"column":5}},"14":{"start":{"line":26,"column":28},"end":{"line":26,"column":54}},"15":{"start":{"line":27,"column":6},"end":{"line":27,"column":67}},"16":{"start":{"line":29,"column":6},"end":{"line":32,"column":9}},"17":{"start":{"line":34,"column":6},"end":{"line":34,"column":27}},"18":{"start":{"line":38,"column":2},"end":{"line":45,"column":9}},"19":{"start":{"line":39,"column":22},"end":{"line":42,"column":5}},"20":{"start":{"line":40,"column":21},"end":{"line":40,"column":36}},"21":{"start":{"line":41,"column":6},"end":{"line":41,"column":22}},"22":{"start":{"line":44,"column":4},"end":{"line":44,"column":16}},"23":{"start":{"line":47,"column":2},"end":{"line":52,"column":4}},"24":{"start":{"line":9,"column":13},"end":{"line":9,"column":27}}},"fnMap":{"0":{"name":"(anonymous_0)","decl":{"start":{"line":9,"column":27},"end":{"line":9,"column":30}},"loc":{"start":{"line":9,"column":32},"end":{"line":53,"column":1}}},"1":{"name":"(anonymous_1)","decl":{"start":{"line":13,"column":25},"end":{"line":13,"column":30}},"loc":{"start":{"line":13,"column":46},"end":{"line":20,"column":3}}},"2":{"name":"(anonymous_2)","decl":{"start":{"line":22,"column":27},"end":{"line":22,"column":32}},"loc":{"start":{"line":22,"column":38},"end":{"line":36,"column":3}}},"3":{"name":"(anonymous_3)","decl":{"start":{"line":38,"column":12},"end":{"line":38,"column":15}},"loc":{"start":{"line":38,"column":17},"end":{"line":45,"column":3}}},"4":{"name":"(anonymous_4)","decl":{"start":{"line":39,"column":22},"end":{"line":39,"column":27}},"loc":{"start":{"line":39,"column":33},"end":{"line":42,"column":5}}}},"branchMap":{"0":{"loc":{"start":{"line":23,"column":4},"end":{"line":23,"column":29}},"type":"if","locations":[{"start":{"line":23,"column":4},"end":{"line":23,"column":29}}]}},"s":{"0":1,"1":1,"2":1,"3":10,"4":10,"5":10,"6":3,"7":3,"8":2,"9":1,"10":10,"11":1,"12":0,"13":1,"14":1,"15":1,"16":1,"17":0,"18":10,"19":5,"20":5,"21":5,"22":5,"23":10,"24":1},"f":{"0":10,"1":3,"2":1,"3":5,"4":5},"b":{"0":[0]}}
,"/home/fengao/dev/www/mvc-architecture-pattern/src/services/carService.ts": {"path":"/home/fengao/dev/www/mvc-architecture-pattern/src/services/carService.ts","statementMap":{"0":{"start":{"line":3,"column":23},"end":{"line":7,"column":1}},"1":{"start":{"line":4,"column":19},"end":{"line":4,"column":60}},"2":{"start":{"line":5,"column":15},"end":{"line":5,"column":36}},"3":{"start":{"line":6,"column":2},"end":{"line":6,"column":14}},"4":{"start":{"line":3,"column":13},"end":{"line":3,"column":23}},"5":{"start":{"line":9,"column":26},"end":{"line":13,"column":1}},"6":{"start":{"line":10,"column":19},"end":{"line":10,"column":66}},"7":{"start":{"line":11,"column":14},"end":{"line":11,"column":35}},"8":{"start":{"line":12,"column":2},"end":{"line":12,"column":13}},"9":{"start":{"line":9,"column":13},"end":{"line":9,"column":26}},"10":{"start":{"line":15,"column":39},"end":{"line":26,"column":1}},"11":{"start":{"line":19,"column":2},"end":{"line":25,"column":5}},"12":{"start":{"line":15,"column":13},"end":{"line":15,"column":39}}},"fnMap":{"0":{"name":"(anonymous_0)","decl":{"start":{"line":3,"column":23},"end":{"line":3,"column":28}},"loc":{"start":{"line":3,"column":50},"end":{"line":7,"column":1}}},"1":{"name":"(anonymous_1)","decl":{"start":{"line":9,"column":26},"end":{"line":9,"column":31}},"loc":{"start":{"line":9,"column":61},"end":{"line":13,"column":1}}},"2":{"name":"(anonymous_2)","decl":{"start":{"line":15,"column":39},"end":{"line":15,"column":44}},"loc":{"start":{"line":18,"column":19},"end":{"line":26,"column":1}}}},"branchMap":{},"s":{"0":2,"1":1,"2":1,"3":1,"4":2,"5":2,"6":1,"7":1,"8":1,"9":2,"10":2,"11":1,"12":2},"f":{"0":1,"1":1,"2":1},"b":{}}
}
