TN:
SF:src/App.tsx
FN:6,App
FNF:1
FNH:0
FNDA:0,App
DA:1,0
DA:2,0
DA:3,0
DA:4,0
DA:7,0
DA:9,0
DA:18,0
LF:7
LH:0
BRF:0
BRH:0
end_of_record
TN:
SF:src/components/car-list/car-list.tsx
FN:4,(anonymous_1)
FN:15,(anonymous_2)
FN:16,(anonymous_3)
FNF:3
FNH:3
FNDA:2,(anonymous_1)
FNDA:4,(anonymous_2)
FNDA:2,(anonymous_3)
DA:2,1
DA:4,1
DA:11,2
DA:16,4
LF:4
LH:4
BRF:0
BRH:0
end_of_record
TN:
SF:src/components/car-view/car-view.tsx
FN:3,(anonymous_0)
FNF:1
FNH:1
FNDA:3,(anonymous_0)
DA:3,1
DA:4,3
DA:6,3
LF:3
LH:3
BRDA:4,0,0,3
BRDA:4,0,1,1
BRDA:8,1,0,3
BRDA:8,1,1,2
BRF:4
BRH:4
end_of_record
TN:
SF:src/components/header/header.tsx
FN:1,(anonymous_0)
FNF:1
FNH:1
FNDA:1,(anonymous_0)
DA:1,1
DA:2,1
LF:2
LH:2
BRF:0
BRH:0
end_of_record
TN:
SF:src/hooks/useCarModel.ts
FN:9,(anonymous_0)
FN:13,(anonymous_1)
FN:22,(anonymous_2)
FN:38,(anonymous_3)
FN:39,(anonymous_4)
FNF:5
FNH:5
FNDA:10,(anonymous_0)
FNDA:3,(anonymous_1)
FNDA:1,(anonymous_2)
FNDA:5,(anonymous_3)
FNDA:5,(anonymous_4)
DA:1,1
DA:3,1
DA:9,1
DA:10,10
DA:11,10
DA:13,10
DA:14,3
DA:15,3
DA:16,2
DA:18,1
DA:22,10
DA:23,1
DA:25,1
DA:26,1
DA:27,1
DA:29,1
DA:34,0
DA:38,10
DA:39,5
DA:40,5
DA:41,5
DA:44,5
DA:47,10
LF:23
LH:22
BRDA:23,0,0,0
BRF:1
BRH:0
end_of_record
TN:
SF:src/services/carService.ts
FN:3,(anonymous_0)
FN:9,(anonymous_1)
FN:15,(anonymous_2)
FNF:3
FNH:3
FNDA:1,(anonymous_0)
FNDA:1,(anonymous_1)
FNDA:1,(anonymous_2)
DA:3,2
DA:4,1
DA:5,1
DA:6,1
DA:9,2
DA:10,1
DA:11,1
DA:12,1
DA:15,2
DA:19,1
LF:10
LH:10
BRF:0
BRH:0
end_of_record
